<?xml version="1.0" encoding="UTF-8"?>
<testsuite xmlns:xsi="http://www.w3.org/2001/XMLSchema-instance" xsi:noNamespaceSchemaLocation="https://maven.apache.org/surefire/maven-surefire-plugin/xsd/surefire-test-report.xsd" name="TestSuite" time="0.578" tests="2" errors="0" skipped="1" failures="1">
  <properties>
[...]
</properties>
  <testcase name="setUpClass" classname="upskill.runners.RunnerClass" time="0.368">
    <failure message="The plugin specification &apos;com.cucumber.listener.ExtentCucumberFormatter:target/cucumber-reports.html&apos; has a problem:&#10;&#10;Could not load plugin class &apos;com.cucumber.listener.ExtentCucumberFormatter&apos;.&#10;&#10;Plugin specifications should have the format of PLUGIN[:[PATH|[URI [OPTIONS]]]&#10;&#10;Valid values for PLUGIN are: default_summary, html, json, junit, message, null_summary, pretty, progress, rerun, summary, teamcity, testng, timeline, unused, usage&#10;&#10;PLUGIN can also be a fully qualified class name, allowing registration of 3rd party plugins. The 3rd party plugin must implement io.cucumber.plugin.Plugin" type="java.lang.IllegalArgumentException">java.lang.IllegalArgumentException: 
The plugin specification 'com.cucumber.listener.ExtentCucumberFormatter:target/cucumber-reports.html' has a problem:

Could not load plugin class 'com.cucumber.listener.ExtentCucumberFormatter'.

Plugin specifications should have the format of PLUGIN[:[PATH|[URI [OPTIONS]]]

Valid values for PLUGIN are: default_summary, html, json, junit, message, null_summary, pretty, progress, rerun, summary, teamcity, testng, timeline, unused, usage

PLUGIN can also be a fully qualified class name, allowing registration of 3rd party plugins. The 3rd party plugin must implement io.cucumber.plugin.Plugin
Caused by: java.lang.NoClassDefFoundError: gherkin/formatter/Reporter
Caused by: java.lang.ClassNotFoundException: gherkin.formatter.Reporter
</failure>
  </testcase>
  <testcase name="writeExtentReport" classname="upskill.runners.RunnerClass" time="0">
    <skipped/>
  </testcase>
</testsuite>